<?xml version="1.0" encoding="UTF-8" ?>
<testsuite errors="0" skipped="0" tests="3" time="0.032" failures="0" name="salve.contract.NotNullContractInstrumentorTest">
  <properties>
    <property value="Java(TM) 2 Runtime Environment, Standard Edition" name="java.runtime.name"/>
    <property value="d:\jdk5\jre\bin" name="sun.boot.library.path"/>
    <property value="1.5.0_11-b03" name="java.vm.version"/>
    <property value="Sun Microsystems Inc." name="java.vm.vendor"/>
    <property value="http://java.sun.com/" name="java.vendor.url"/>
    <property value=";" name="path.separator"/>
    <property value="Java HotSpot(TM) Client VM" name="java.vm.name"/>
    <property value="sun.io" name="file.encoding.pkg"/>
    <property value="US" name="user.country"/>
    <property value="SUN_STANDARD" name="sun.java.launcher"/>
    <property value="Service Pack 2" name="sun.os.patch.level"/>
    <property value="Java Virtual Machine Specification" name="java.vm.specification.name"/>
    <property value="D:\source\salve\salve-contract-inst" name="user.dir"/>
    <property value="1.5.0_11-b03" name="java.runtime.version"/>
    <property value="sun.awt.Win32GraphicsEnvironment" name="java.awt.graphicsenv"/>
    <property value="D:\source\salve\salve-contract-inst" name="basedir"/>
    <property value="d:\jdk5\jre\lib\endorsed" name="java.endorsed.dirs"/>
    <property value="x86" name="os.arch"/>
    <property value="C:\DOCUME~1\IVAYNB~1\LOCALS~1\Temp\" name="java.io.tmpdir"/>
    <property value="
" name="line.separator"/>
    <property value="Sun Microsystems Inc." name="java.vm.specification.vendor"/>
    <property value="" name="user.variant"/>
    <property value="Windows XP" name="os.name"/>
    <property value="Cp1252" name="sun.jnu.encoding"/>
    <property value="d:\jdk5\jre\bin;.;C:\WINDOWS\system32;C:\WINDOWS;d:\mvn\bin;d:\ant\bin;d:\jdk5\bin;C:\WINDOWS\system32;C:\WINDOWS;C:\WINDOWS\System32\Wbem;d:\svn\bin;C:\Program Files\QuickTime\QTSystem\;C:\Program Files\Pinnacle\Shared Files;C:\Program Files\Pinnacle\Shared Files\Filter" name="java.library.path"/>
    <property value="Java Platform API Specification" name="java.specification.name"/>
    <property value="49.0" name="java.class.version"/>
    <property value="HotSpot Client Compiler" name="sun.management.compiler"/>
    <property value="5.1" name="os.version"/>
    <property value="C:\Documents and Settings\ivaynberg" name="user.home"/>
    <property value="" name="user.timezone"/>
    <property value="sun.awt.windows.WPrinterJob" name="java.awt.printerjob"/>
    <property value="Cp1252" name="file.encoding"/>
    <property value="1.5" name="java.specification.version"/>
    <property value="ivaynberg" name="user.name"/>
    <property value="d:\repository\org\codehaus\plexus\plexus-archiver\1.0-alpha-7\plexus-archiver-1.0-alpha-7.jar;d:\repository\junit\junit\3.8.1\junit-3.8.1.jar;d:\repository\org\apache\maven\surefire\surefire-api\2.3\surefire-api-2.3.jar;d:\repository\org\codehaus\plexus\plexus-container-default\1.0-alpha-8\plexus-container-default-1.0-alpha-8.jar;d:\repository\classworlds\classworlds\1.1-alpha-2\classworlds-1.1-alpha-2.jar;d:\repository\org\codehaus\plexus\plexus-utils\1.1\plexus-utils-1.1.jar;d:\repository\commons-lang\commons-lang\2.1\commons-lang-2.1.jar;d:\repository\org\apache\maven\surefire\surefire-booter\2.3\surefire-booter-2.3.jar" name="java.class.path"/>
    <property value="1.0" name="java.vm.specification.version"/>
    <property value="32" name="sun.arch.data.model"/>
    <property value="d:\jdk5\jre" name="java.home"/>
    <property value="Sun Microsystems Inc." name="java.specification.vendor"/>
    <property value="en" name="user.language"/>
    <property value="sun.awt.windows.WToolkit" name="awt.toolkit"/>
    <property value="mixed mode, sharing" name="java.vm.info"/>
    <property value="1.5.0_11" name="java.version"/>
    <property value="d:\jdk5\jre\lib\ext" name="java.ext.dirs"/>
    <property value="d:\jdk5\jre\lib\rt.jar;d:\jdk5\jre\lib\i18n.jar;d:\jdk5\jre\lib\sunrsasign.jar;d:\jdk5\jre\lib\jsse.jar;d:\jdk5\jre\lib\jce.jar;d:\jdk5\jre\lib\charsets.jar;d:\jdk5\jre\classes" name="sun.boot.class.path"/>
    <property value="Sun Microsystems Inc." name="java.vendor"/>
    <property value="d:\repository" name="localRepository"/>
    <property value="\" name="file.separator"/>
    <property value="http://java.sun.com/cgi-bin/bugreport.cgi" name="java.vendor.url.bug"/>
    <property value="little" name="sun.cpu.endian"/>
    <property value="UnicodeLittle" name="sun.io.unicode.encoding"/>
    <property value="windows" name="sun.desktop"/>
    <property value="" name="sun.cpu.isalist"/>
  </properties>
  <testcase time="0" name="testArgumentTypeErrorChecking"/>
  <testcase time="0.016" name="testReturnTypeErrorChecking"/>
  <testcase time="0" name="testNotNull"/>
</testsuite>