<salve.config.Config>
	<packages>
		<salve.config.Package>
			<name>test</name>
			<instrumentors>
				<unknown.instrumentor.class/>
			</instrumentors>
		</salve.config.Package>
	</packages>
</salve.config.Config>