<salve.config.Config>
	<packages>
	</packages>
</salve.config.Config>