<config>
	<packages>
		<package>
			<name>salve.package1</name>
			<instrumentors>
				<salve.config.Instrumentor1/>
			</instrumentors>		
		</package>	
		
		<package>
			<name>salve.package2</name>
			<instrumentors>
				<salve.config.Instrumentor1/>
				<salve.config.Instrumentor2/>
			</instrumentors>		
		</package>
		
	</packages>
</config>