<salve.config.xml.XmlConfig>
	<packages>
		<salve.config.xml.XmlPackage>
			<name>salve.package1</name>
			<instrumentors>
				<salve.config.Instrumentor1/>
			</instrumentors>		
		</salve.config.xml.XmlPackage>	
		
		<salve.config.xml.XmlPackage>
			<name>salve.package2</name>
			<instrumentors>
				<salve.config.Instrumentor1/>
				<salve.config.Instrumentor2/>
			</instrumentors>		
		</salve.config.xml.XmlPackage>
		
	</packages>
</salve.config.xml.XmlConfig>